<?xml version="1.0" encoding="UTF-8"?>
<testng-results skipped="0" failed="0" ignored="0" total="1" passed="1">
  <reporter-output>
  </reporter-output>
  <suite name="Suite" duration-ms="87605" started-at="2018-09-06T01:19:25Z" finished-at="2018-09-06T01:20:53Z">
    <groups>
    </groups>
    <test name="Test" duration-ms="87605" started-at="2018-09-06T01:19:25Z" finished-at="2018-09-06T01:20:53Z">
      <class name="foodcourt.suite.test.AutomationSuite">
        <test-method status="PASS" signature="BeforeTest()[pri:0, instance:foodcourt.suite.test.AutomationSuite@5b275dab]" name="BeforeTest" is-config="true" duration-ms="6778" started-at="2018-09-06T11:19:25Z" finished-at="2018-09-06T11:19:32Z">
          <reporter-output>
          </reporter-output>
        </test-method> <!-- BeforeTest -->
        <test-method status="PASS" signature="UserCreation()[pri:0, instance:foodcourt.suite.test.AutomationSuite@5b275dab]" name="UserCreation" duration-ms="80045" started-at="2018-09-06T11:19:32Z" finished-at="2018-09-06T11:20:52Z">
          <reporter-output>
          </reporter-output>
        </test-method> <!-- UserCreation -->
        <test-method status="PASS" signature="AfterTest()[pri:0, instance:foodcourt.suite.test.AutomationSuite@5b275dab]" name="AfterTest" is-config="true" duration-ms="758" started-at="2018-09-06T11:20:52Z" finished-at="2018-09-06T11:20:53Z">
          <reporter-output>
          </reporter-output>
        </test-method> <!-- AfterTest -->
      </class> <!-- foodcourt.suite.test.AutomationSuite -->
    </test> <!-- Test -->
  </suite> <!-- Suite -->
</testng-results>
